Using pre-set license
Built from '2020.3/staging' branch; Version is '2020.3.21f1 (a38c86f6690f) revision 10718342'; Using compiler version '192528614'; Build Type 'Release'
OS: 'Windows 10 Home Single Language; OS build 19042.1288; Version 2009; 64bit' Language: 'en' Physical Memory: 7991 MB
BatchMode: 1, IsHumanControllingUs: 0, StartBugReporterOnCrash: 0, Is64bit: 1, IsPro: 0

COMMAND LINE ARGUMENTS:
C:\Program Files\Unity\Hub\Editor\2020.3.21f1\Editor\Unity.exe
-adb2
-batchMode
-noUpm
-name
AssetImportWorker0
-projectPath
D:/Unity Projects/2d-game/2d game
-logFile
Logs/AssetImportWorker0.log
-srvPort
51504
Successfully changed project path to: D:/Unity Projects/2d-game/2d game
D:/Unity Projects/2d-game/2d game
Using Asset Import Pipeline V2.
Refreshing native plugins compatible for Editor in 204.66 ms, found 2 plugins.
Preloading 0 native plugins for Editor in 0.00 ms.
Initialize engine version: 2020.3.21f1 (a38c86f6690f)
[Subsystems] Discovering subsystems at path C:/Program Files/Unity/Hub/Editor/2020.3.21f1/Editor/Data/Resources/UnitySubsystems
[Subsystems] Discovering subsystems at path D:/Unity Projects/2d-game/2d game/Assets
GfxDevice: creating device client; threaded=0
Direct3D:
    Version:  Direct3D 11.0 [level 11.1]
    Renderer: Intel(R) UHD Graphics (ID=0x9a78)
    Vendor:   
    VRAM:     3995 MB
    Driver:   27.20.100.8853
Initialize mono
Mono path[0] = 'C:/Program Files/Unity/Hub/Editor/2020.3.21f1/Editor/Data/Managed'
Mono path[1] = 'C:/Program Files/Unity/Hub/Editor/2020.3.21f1/Editor/Data/MonoBleedingEdge/lib/mono/unityjit'
Mono config path = 'C:/Program Files/Unity/Hub/Editor/2020.3.21f1/Editor/Data/MonoBleedingEdge/etc'
Using monoOptions --debugger-agent=transport=dt_socket,embedding=1,server=y,suspend=n,address=127.0.0.1:56320
Begin MonoManager ReloadAssembly
Registering precompiled unity dll's ...
Register platform support module: C:/Program Files/Unity/Hub/Editor/2020.3.21f1/Editor/Data/PlaybackEngines/WindowsStandaloneSupport/UnityEditor.WindowsStandalone.Extensions.dll
Registered in 0.008495 seconds.
Native extension for WindowsStandalone target not found
Refreshing native plugins compatible for Editor in 191.43 ms, found 2 plugins.
Preloading 0 native plugins for Editor in 0.00 ms.
Mono: successfully reloaded assembly
- Completed reload, in  5.549 seconds
Domain Reload Profiling:
	ReloadAssembly (5549ms)
		BeginReloadAssembly (200ms)
			ExecutionOrderSort (0ms)
			DisableScriptedObjects (0ms)
			BackupInstance (0ms)
			ReleaseScriptingObjects (0ms)
			CreateAndSetChildDomain (2ms)
		EndReloadAssembly (1529ms)
			LoadAssemblies (194ms)
			RebuildTransferFunctionScriptingTraits (0ms)
			SetupTypeCache (518ms)
			ReleaseScriptCaches (0ms)
			RebuildScriptCaches (90ms)
			SetupLoadedEditorAssemblies (612ms)
				LogAssemblyErrors (0ms)
				InitializePlatformSupportModulesInManaged (13ms)
				SetLoadedEditorAssemblies (1ms)
				RefreshPlugins (192ms)
				BeforeProcessingInitializeOnLoad (40ms)
				ProcessInitializeOnLoadAttributes (275ms)
				ProcessInitializeOnLoadMethodAttributes (89ms)
				AfterProcessingInitializeOnLoad (0ms)
				EditorAssembliesLoaded (1ms)
			ExecutionOrderSort2 (0ms)
			AwakeInstancesAfterBackupRestoration (0ms)
Platform modules already initialized, skipping
Registering precompiled user dll's ...
Registered in 0.020797 seconds.
Begin MonoManager ReloadAssembly
Native extension for WindowsStandalone target not found
Refreshing native plugins compatible for Editor in 1.24 ms, found 2 plugins.
Preloading 0 native plugins for Editor in 0.00 ms.
Mono: successfully reloaded assembly
- Completed reload, in  3.232 seconds
Domain Reload Profiling:
	ReloadAssembly (3234ms)
		BeginReloadAssembly (472ms)
			ExecutionOrderSort (0ms)
			DisableScriptedObjects (16ms)
			BackupInstance (0ms)
			ReleaseScriptingObjects (0ms)
			CreateAndSetChildDomain (55ms)
		EndReloadAssembly (2580ms)
			LoadAssemblies (306ms)
			RebuildTransferFunctionScriptingTraits (0ms)
			SetupTypeCache (942ms)
			ReleaseScriptCaches (1ms)
			RebuildScriptCaches (137ms)
			SetupLoadedEditorAssemblies (939ms)
				LogAssemblyErrors (0ms)
				InitializePlatformSupportModulesInManaged (16ms)
				SetLoadedEditorAssemblies (1ms)
				RefreshPlugins (1ms)
				BeforeProcessingInitializeOnLoad (257ms)
				ProcessInitializeOnLoadAttributes (613ms)
				ProcessInitializeOnLoadMethodAttributes (31ms)
				AfterProcessingInitializeOnLoad (17ms)
				EditorAssembliesLoaded (1ms)
			ExecutionOrderSort2 (0ms)
			AwakeInstancesAfterBackupRestoration (21ms)
Platform modules already initialized, skipping
========================================================================
Worker process is ready to serve import requests
Launched and connected shader compiler UnityShaderCompiler.exe after 0.13 seconds
Refreshing native plugins compatible for Editor in 1.19 ms, found 2 plugins.
Preloading 0 native plugins for Editor in 0.00 ms.
Unloading 1543 Unused Serialized files (Serialized files now loaded: 0)
System memory in use before: 74.2 MB.
System memory in use after: 74.3 MB.

Unloading 19 unused Assets to reduce memory usage. Loaded Objects now: 1976.
Total: 8.487500 ms (FindLiveObjects: 0.243800 ms CreateObjectMapping: 0.136200 ms MarkObjects: 7.917200 ms  DeleteObjects: 0.187900 ms)

AssetImportParameters requested are different than current active one (requested -> active):
  custom:framework-win-MediaFoundation: 216162199b28c13a410421893ffa2e32 -> 
  custom:video-decoder-ogg-theora: a1e56fd34408186e4bbccfd4996cb3dc -> 
  custom:container-muxer-webm: aa71ff27fc2769a1b78a27578f13a17b -> 
  custom:container-demuxer-webm: 4f35f7cbe854078d1ac9338744f61a02 -> 
  custom:container-demuxer-ogg: 62fdf1f143b41e24485cea50d1cbac27 -> 
  custom:video-encoder-webm-vp8: eb34c28f22e8b96e1ab97ce403110664 -> 
  custom:video-codec-MediaFoundation-h265: 746d11721c4dcdbdad8f713fa42b33f4 -> 
  custom:video-decoder-webm-vp8: 9c59270c3fd7afecdb556c50c9e8de78 -> 
  custom:audio-decoder-ogg-vorbis: bf7c407c2cedff20999df2af8eb42d56 -> 
  custom:audio-encoder-webm-vorbis: bf7c407c2cedff20999df2af8eb42d56 -> 
========================================================================
Received Import Request.
  path: Assets/Anim_IDLE_00001.prefab
  artifactKey: Guid(72fc9cab196c82e4b9c389c802be1b47) Importer(815301076,1909f56bfc062723c751e8b465ee728b)
Start importing Assets/Anim_IDLE_00001.prefab using Guid(72fc9cab196c82e4b9c389c802be1b47) Importer(815301076,1909f56bfc062723c751e8b465ee728b)  -> (artifact id: '6d78a93301702d23b47cf6571800a7e2') in 0.252276 seconds 
  Import took 0.258830 seconds .

========================================================================
Received Import Request.
  Time since last request: 11.190989 seconds.
  path: Assets/Anim_IDLE_00001 1.controller
  artifactKey: Guid(607fabc9a2e19a94f9181de21bd07ab4) Importer(815301076,1909f56bfc062723c751e8b465ee728b)
Start importing Assets/Anim_IDLE_00001 1.controller using Guid(607fabc9a2e19a94f9181de21bd07ab4) Importer(815301076,1909f56bfc062723c751e8b465ee728b)  -> (artifact id: 'b3a4510618396c4b17513c5334d85566') in 0.012170 seconds 
  Import took 0.019388 seconds .

========================================================================
Received Import Request.
  Time since last request: 4.756317 seconds.
  path: Assets/Anim_IDLE_00001.controller
  artifactKey: Guid(6b4dfa1db9dc65741b32eec8ad89af4e) Importer(815301076,1909f56bfc062723c751e8b465ee728b)
Start importing Assets/Anim_IDLE_00001.controller using Guid(6b4dfa1db9dc65741b32eec8ad89af4e) Importer(815301076,1909f56bfc062723c751e8b465ee728b)  -> (artifact id: 'b1562201dd115bacc77b8bc64b913a52') in 0.008287 seconds 
  Import took 0.013794 seconds .

========================================================================
Received Import Request.
  Time since last request: 3.058624 seconds.
  path: Assets/idle.anim
  artifactKey: Guid(94b8ab85183490d42bc5ccb95f9b49dd) Importer(815301076,1909f56bfc062723c751e8b465ee728b)
Start importing Assets/idle.anim using Guid(94b8ab85183490d42bc5ccb95f9b49dd) Importer(815301076,1909f56bfc062723c751e8b465ee728b)  -> (artifact id: '9353becd0a73ab647e63ad8a2c8380a6') in 0.010759 seconds 
  Import took 0.017965 seconds .

========================================================================
Received Import Request.
  Time since last request: 107.551696 seconds.
  path: Assets/Game Assets/Art/Sprites/AnimatedSprites/Ellen/Animations/Idle
  artifactKey: Guid(d5242e5735b9b2e4e8d083ec3ec57f20) Importer(815301076,1909f56bfc062723c751e8b465ee728b)
Start importing Assets/Game Assets/Art/Sprites/AnimatedSprites/Ellen/Animations/Idle using Guid(d5242e5735b9b2e4e8d083ec3ec57f20) Importer(815301076,1909f56bfc062723c751e8b465ee728b)  -> (artifact id: '41fc45d17c6acb01d8025f54ae069344') in 0.006087 seconds 
  Import took 0.017203 seconds .

========================================================================
Received Import Request.
  Time since last request: 3.229012 seconds.
  path: Assets/Game Assets/Art/Sprites/AnimatedSprites/Ellen/Animations/Idle/Anim_IDLE_00001.png
  artifactKey: Guid(c4d7d6470acd7bf45971042161c6e018) Importer(815301076,1909f56bfc062723c751e8b465ee728b)
Start importing Assets/Game Assets/Art/Sprites/AnimatedSprites/Ellen/Animations/Idle/Anim_IDLE_00001.png using Guid(c4d7d6470acd7bf45971042161c6e018) Importer(815301076,1909f56bfc062723c751e8b465ee728b)  -> (artifact id: '3901af31e3458546c59245c92a0bb71a') in 0.078464 seconds 
  Import took 0.085065 seconds .

========================================================================
Received Import Request.
  Time since last request: 3.443567 seconds.
  path: Assets/Game Assets/Art/Sprites/AnimatedSprites/Ellen/Animations/Idle/Anim_IDLE_00025.png
  artifactKey: Guid(d2d936bae69c599429ee1a386892a9f0) Importer(815301076,1909f56bfc062723c751e8b465ee728b)
Start importing Assets/Game Assets/Art/Sprites/AnimatedSprites/Ellen/Animations/Idle/Anim_IDLE_00025.png using Guid(d2d936bae69c599429ee1a386892a9f0) Importer(815301076,1909f56bfc062723c751e8b465ee728b)  -> (artifact id: 'd2318071fe6ca66f36e7e9ad1bb09c3e') in 0.028024 seconds 
  Import took 0.033907 seconds .

========================================================================
Received Import Request.
  Time since last request: 25.542162 seconds.
  path: Assets/walk.anim
  artifactKey: Guid(02c8f71560e50ec44a0fb92621b648b6) Importer(815301076,1909f56bfc062723c751e8b465ee728b)
Start importing Assets/walk.anim using Guid(02c8f71560e50ec44a0fb92621b648b6) Importer(815301076,1909f56bfc062723c751e8b465ee728b)  -> (artifact id: '8396c7edc9021e0e542e40fceebdf3a2') in 0.008590 seconds 
  Import took 0.104248 seconds .

========================================================================
Received Import Request.
  Time since last request: 3.104336 seconds.
  path: Assets/run.anim
  artifactKey: Guid(2ea35d0a509a13943be6dd8e55cad5c3) Importer(815301076,1909f56bfc062723c751e8b465ee728b)
Start importing Assets/run.anim using Guid(2ea35d0a509a13943be6dd8e55cad5c3) Importer(815301076,1909f56bfc062723c751e8b465ee728b)  -> (artifact id: '8ee089156afd14d1aa9b5426ddb3e958') in 0.004838 seconds 
  Import took 0.011910 seconds .

========================================================================
Received Import Request.
  Time since last request: 5.044286 seconds.
  path: Assets/idle1.anim
  artifactKey: Guid(e31ed0631428ac54bbe9d1d0dea95856) Importer(815301076,1909f56bfc062723c751e8b465ee728b)
Start importing Assets/idle1.anim using Guid(e31ed0631428ac54bbe9d1d0dea95856) Importer(815301076,1909f56bfc062723c751e8b465ee728b)  -> (artifact id: '6d8b01225141138a35f46e06387e9d3a') in 0.005610 seconds 
  Import took 0.010821 seconds .

========================================================================
Received Import Request.
  Time since last request: 18.960726 seconds.
  path: Assets/idle.anim
  artifactKey: Guid(94b8ab85183490d42bc5ccb95f9b49dd) Importer(815301076,1909f56bfc062723c751e8b465ee728b)
Start importing Assets/idle.anim using Guid(94b8ab85183490d42bc5ccb95f9b49dd) Importer(815301076,1909f56bfc062723c751e8b465ee728b)  -> (artifact id: '8bcd5e485ade60bee63c2623b455a351') in 0.007373 seconds 
  Import took 0.013227 seconds .

========================================================================
Received Import Request.
  Time since last request: 159.199615 seconds.
  path: Assets/Game Assets/Art/Sprites/AnimatedSprites/Ellen/Animations/Run/ELLEN_RUN_NoGun_01.png
  artifactKey: Guid(ff33d6adfeac52e419af23fad2d0abfd) Importer(815301076,1909f56bfc062723c751e8b465ee728b)
Start importing Assets/Game Assets/Art/Sprites/AnimatedSprites/Ellen/Animations/Run/ELLEN_RUN_NoGun_01.png using Guid(ff33d6adfeac52e419af23fad2d0abfd) Importer(815301076,1909f56bfc062723c751e8b465ee728b)  -> (artifact id: 'f4bd53d098101de9299d0fa14bb17df0') in 0.025610 seconds 
  Import took 0.031736 seconds .

========================================================================
Received Import Request.
  Time since last request: 2.319488 seconds.
  path: Assets/Game Assets/Art/Sprites/AnimatedSprites/Ellen/Animations/Run/ELLEN_RUN_NoGun_19.png
  artifactKey: Guid(3b3834ff0aab3d849bca2adc0c0d5f84) Importer(815301076,1909f56bfc062723c751e8b465ee728b)
Start importing Assets/Game Assets/Art/Sprites/AnimatedSprites/Ellen/Animations/Run/ELLEN_RUN_NoGun_19.png using Guid(3b3834ff0aab3d849bca2adc0c0d5f84) Importer(815301076,1909f56bfc062723c751e8b465ee728b)  -> (artifact id: '9de3c9d909ec9cc26b4c4d8e64578143') in 0.027536 seconds 
  Import took 0.032476 seconds .

========================================================================
Received Import Request.
  Time since last request: 148.376549 seconds.
  path: Assets/Game Assets/Art/Sprites/AnimatedSprites/Ellen/Animations/Walk/Ellen_WALK_001.png
  artifactKey: Guid(b38d007a84ef48c45b4026b9be16e76b) Importer(815301076,1909f56bfc062723c751e8b465ee728b)
Start importing Assets/Game Assets/Art/Sprites/AnimatedSprites/Ellen/Animations/Walk/Ellen_WALK_001.png using Guid(b38d007a84ef48c45b4026b9be16e76b) Importer(815301076,1909f56bfc062723c751e8b465ee728b)  -> (artifact id: 'f5acd6b7b38f2ae5977e046b0ba1aa60') in 0.034563 seconds 
  Import took 0.043565 seconds .

========================================================================
Received Import Request.
  Time since last request: 2.817529 seconds.
  path: Assets/Game Assets/Art/Sprites/AnimatedSprites/Ellen/Animations/Walk/Ellen_WALK_021.png
  artifactKey: Guid(bb0dc30aba14f084b9f20cd11d7f59d8) Importer(815301076,1909f56bfc062723c751e8b465ee728b)
Start importing Assets/Game Assets/Art/Sprites/AnimatedSprites/Ellen/Animations/Walk/Ellen_WALK_021.png using Guid(bb0dc30aba14f084b9f20cd11d7f59d8) Importer(815301076,1909f56bfc062723c751e8b465ee728b)  -> (artifact id: 'd00e71a73a1b1fc5d51b26a77b6067e1') in 0.033767 seconds 
  Import took 0.041138 seconds .

========================================================================
Received Prepare
Trying to reload asset but can't find object on disk
Trying to reload asset but can't find object on disk
Trying to reload asset but can't find object on disk
Trying to reload asset but can't find object on disk
Trying to reload asset but can't find object on disk
Trying to reload asset but can't find object on disk
Trying to reload asset but can't find object on disk
Trying to reload asset but can't find object on disk
Trying to reload asset but can't find object on disk
Trying to reload asset but can't find object on disk
Trying to reload asset but can't find object on disk
Trying to reload asset but can't find object on disk
Trying to reload asset but can't find object on disk
Trying to reload asset but can't find object on disk
Trying to reload asset but can't find object on disk
Trying to reload asset but can't find object on disk
Trying to reload asset but can't find object on disk
Trying to reload asset but can't find object on disk
Registering precompiled user dll's ...
Registered in 0.005321 seconds.
Begin MonoManager ReloadAssembly
Native extension for WindowsStandalone target not found
Refreshing native plugins compatible for Editor in 0.30 ms, found 2 plugins.
Preloading 0 native plugins for Editor in 0.00 ms.
Mono: successfully reloaded assembly
- Completed reload, in  0.752 seconds
Domain Reload Profiling:
	ReloadAssembly (752ms)
		BeginReloadAssembly (102ms)
			ExecutionOrderSort (0ms)
			DisableScriptedObjects (3ms)
			BackupInstance (0ms)
			ReleaseScriptingObjects (0ms)
			CreateAndSetChildDomain (26ms)
		EndReloadAssembly (599ms)
			LoadAssemblies (64ms)
			RebuildTransferFunctionScriptingTraits (0ms)
			SetupTypeCache (209ms)
			ReleaseScriptCaches (1ms)
			RebuildScriptCaches (32ms)
			SetupLoadedEditorAssemblies (221ms)
				LogAssemblyErrors (0ms)
				InitializePlatformSupportModulesInManaged (4ms)
				SetLoadedEditorAssemblies (0ms)
				RefreshPlugins (0ms)
				BeforeProcessingInitializeOnLoad (60ms)
				ProcessInitializeOnLoadAttributes (145ms)
				ProcessInitializeOnLoadMethodAttributes (6ms)
				AfterProcessingInitializeOnLoad (4ms)
				EditorAssembliesLoaded (0ms)
			ExecutionOrderSort2 (0ms)
			AwakeInstancesAfterBackupRestoration (5ms)
Platform modules already initialized, skipping
Refreshing native plugins compatible for Editor in 0.30 ms, found 2 plugins.
Preloading 0 native plugins for Editor in 0.00 ms.
Unloading 1482 Unused Serialized files (Serialized files now loaded: 0)
System memory in use before: 74.6 MB.
System memory in use after: 74.7 MB.

Unloading 44 unused Assets to reduce memory usage. Loaded Objects now: 1958.
Total: 2.594800 ms (FindLiveObjects: 0.126200 ms CreateObjectMapping: 0.036200 ms MarkObjects: 2.406300 ms  DeleteObjects: 0.025000 ms)

AssetImportParameters requested are different than current active one (requested -> active):
  custom:framework-win-MediaFoundation: 216162199b28c13a410421893ffa2e32 -> 
  custom:video-decoder-ogg-theora: a1e56fd34408186e4bbccfd4996cb3dc -> 
  custom:container-muxer-webm: aa71ff27fc2769a1b78a27578f13a17b -> 
  custom:container-demuxer-webm: 4f35f7cbe854078d1ac9338744f61a02 -> 
  custom:container-demuxer-ogg: 62fdf1f143b41e24485cea50d1cbac27 -> 
  custom:video-encoder-webm-vp8: eb34c28f22e8b96e1ab97ce403110664 -> 
  custom:video-codec-MediaFoundation-h265: 746d11721c4dcdbdad8f713fa42b33f4 -> 
  custom:video-decoder-webm-vp8: 9c59270c3fd7afecdb556c50c9e8de78 -> 
  custom:audio-decoder-ogg-vorbis: bf7c407c2cedff20999df2af8eb42d56 -> 
  custom:audio-encoder-webm-vorbis: bf7c407c2cedff20999df2af8eb42d56 -> 
========================================================================
Received Prepare
Registering precompiled user dll's ...
Registered in 0.009766 seconds.
Begin MonoManager ReloadAssembly
Native extension for WindowsStandalone target not found
Refreshing native plugins compatible for Editor in 0.51 ms, found 2 plugins.
Preloading 0 native plugins for Editor in 0.00 ms.
Mono: successfully reloaded assembly
- Completed reload, in  0.873 seconds
Domain Reload Profiling:
	ReloadAssembly (873ms)
		BeginReloadAssembly (113ms)
			ExecutionOrderSort (0ms)
			DisableScriptedObjects (5ms)
			BackupInstance (0ms)
			ReleaseScriptingObjects (0ms)
			CreateAndSetChildDomain (32ms)
		EndReloadAssembly (699ms)
			LoadAssemblies (76ms)
			RebuildTransferFunctionScriptingTraits (0ms)
			SetupTypeCache (254ms)
			ReleaseScriptCaches (1ms)
			RebuildScriptCaches (30ms)
			SetupLoadedEditorAssemblies (260ms)
				LogAssemblyErrors (0ms)
				InitializePlatformSupportModulesInManaged (6ms)
				SetLoadedEditorAssemblies (1ms)
				RefreshPlugins (1ms)
				BeforeProcessingInitializeOnLoad (69ms)
				ProcessInitializeOnLoadAttributes (171ms)
				ProcessInitializeOnLoadMethodAttributes (9ms)
				AfterProcessingInitializeOnLoad (5ms)
				EditorAssembliesLoaded (0ms)
			ExecutionOrderSort2 (0ms)
			AwakeInstancesAfterBackupRestoration (8ms)
Platform modules already initialized, skipping
Refreshing native plugins compatible for Editor in 0.53 ms, found 2 plugins.
Preloading 0 native plugins for Editor in 0.00 ms.
Unloading 1518 Unused Serialized files (Serialized files now loaded: 0)
System memory in use before: 75.4 MB.
System memory in use after: 75.5 MB.

Unloading 14 unused Assets to reduce memory usage. Loaded Objects now: 1990.
Total: 2.787900 ms (FindLiveObjects: 0.133300 ms CreateObjectMapping: 0.028300 ms MarkObjects: 2.600100 ms  DeleteObjects: 0.024800 ms)

AssetImportParameters requested are different than current active one (requested -> active):
  custom:framework-win-MediaFoundation: 216162199b28c13a410421893ffa2e32 -> 
  custom:video-decoder-ogg-theora: a1e56fd34408186e4bbccfd4996cb3dc -> 
  custom:container-muxer-webm: aa71ff27fc2769a1b78a27578f13a17b -> 
  custom:container-demuxer-webm: 4f35f7cbe854078d1ac9338744f61a02 -> 
  custom:container-demuxer-ogg: 62fdf1f143b41e24485cea50d1cbac27 -> 
  custom:video-encoder-webm-vp8: eb34c28f22e8b96e1ab97ce403110664 -> 
  custom:video-codec-MediaFoundation-h265: 746d11721c4dcdbdad8f713fa42b33f4 -> 
  custom:video-decoder-webm-vp8: 9c59270c3fd7afecdb556c50c9e8de78 -> 
  custom:audio-decoder-ogg-vorbis: bf7c407c2cedff20999df2af8eb42d56 -> 
  custom:audio-encoder-webm-vorbis: bf7c407c2cedff20999df2af8eb42d56 -> 
========================================================================
Received Import Request.
  Time since last request: 1879.168029 seconds.
  path: Assets/Anim_IDLE_00001.controller
  artifactKey: Guid(6b4dfa1db9dc65741b32eec8ad89af4e) Importer(815301076,1909f56bfc062723c751e8b465ee728b)
Start importing Assets/Anim_IDLE_00001.controller using Guid(6b4dfa1db9dc65741b32eec8ad89af4e) Importer(815301076,1909f56bfc062723c751e8b465ee728b)  -> (artifact id: '62088520b3419899d2832dc63f1d98ab') in 0.020695 seconds 
  Import took 0.023656 seconds .

========================================================================
Received Import Request.
  Time since last request: 197.588464 seconds.
  path: Assets/Game Assets/Art/Sprites/AnimatedSprites/Ellen/Animations/Jump/Anim_JUMP_01.png
  artifactKey: Guid(5767e2180fcbb7a4d9980e9a37e3d588) Importer(815301076,1909f56bfc062723c751e8b465ee728b)
Start importing Assets/Game Assets/Art/Sprites/AnimatedSprites/Ellen/Animations/Jump/Anim_JUMP_01.png using Guid(5767e2180fcbb7a4d9980e9a37e3d588) Importer(815301076,1909f56bfc062723c751e8b465ee728b)  -> (artifact id: 'ae06102e54e20d32e82dd9a343be38e1') in 0.035718 seconds 
  Import took 0.038869 seconds .

========================================================================
Received Import Request.
  Time since last request: 2.735259 seconds.
  path: Assets/Game Assets/Art/Sprites/AnimatedSprites/Ellen/Animations/Jump/Anim_JUMP_02.png
  artifactKey: Guid(e4381a10685b28d4f906cc686ecbc2c7) Importer(815301076,1909f56bfc062723c751e8b465ee728b)
Start importing Assets/Game Assets/Art/Sprites/AnimatedSprites/Ellen/Animations/Jump/Anim_JUMP_02.png using Guid(e4381a10685b28d4f906cc686ecbc2c7) Importer(815301076,1909f56bfc062723c751e8b465ee728b)  -> (artifact id: 'd0353739303713b6c00d80f8e37f5b73') in 0.014633 seconds 
  Import took 0.018034 seconds .

========================================================================
Received Prepare
Registering precompiled user dll's ...
Registered in 0.003208 seconds.
Begin MonoManager ReloadAssembly
Native extension for WindowsStandalone target not found
Refreshing native plugins compatible for Editor in 0.44 ms, found 2 plugins.
Preloading 0 native plugins for Editor in 0.00 ms.
Mono: successfully reloaded assembly
- Completed reload, in  0.748 seconds
Domain Reload Profiling:
	ReloadAssembly (748ms)
		BeginReloadAssembly (88ms)
			ExecutionOrderSort (0ms)
			DisableScriptedObjects (3ms)
			BackupInstance (0ms)
			ReleaseScriptingObjects (0ms)
			CreateAndSetChildDomain (25ms)
		EndReloadAssembly (614ms)
			LoadAssemblies (63ms)
			RebuildTransferFunctionScriptingTraits (0ms)
			SetupTypeCache (218ms)
			ReleaseScriptCaches (1ms)
			RebuildScriptCaches (29ms)
			SetupLoadedEditorAssemblies (226ms)
				LogAssemblyErrors (0ms)
				InitializePlatformSupportModulesInManaged (4ms)
				SetLoadedEditorAssemblies (0ms)
				RefreshPlugins (0ms)
				BeforeProcessingInitializeOnLoad (62ms)
				ProcessInitializeOnLoadAttributes (149ms)
				ProcessInitializeOnLoadMethodAttributes (7ms)
				AfterProcessingInitializeOnLoad (4ms)
				EditorAssembliesLoaded (0ms)
			ExecutionOrderSort2 (0ms)
			AwakeInstancesAfterBackupRestoration (6ms)
Platform modules already initialized, skipping
Refreshing native plugins compatible for Editor in 0.50 ms, found 2 plugins.
Preloading 0 native plugins for Editor in 0.00 ms.
Unloading 1518 Unused Serialized files (Serialized files now loaded: 0)
System memory in use before: 75.4 MB.
System memory in use after: 75.5 MB.

Unloading 14 unused Assets to reduce memory usage. Loaded Objects now: 1993.
Total: 2.864300 ms (FindLiveObjects: 0.134300 ms CreateObjectMapping: 0.039300 ms MarkObjects: 2.675700 ms  DeleteObjects: 0.014000 ms)

AssetImportParameters requested are different than current active one (requested -> active):
  custom:framework-win-MediaFoundation: 216162199b28c13a410421893ffa2e32 -> 
  custom:video-decoder-ogg-theora: a1e56fd34408186e4bbccfd4996cb3dc -> 
  custom:container-muxer-webm: aa71ff27fc2769a1b78a27578f13a17b -> 
  custom:container-demuxer-webm: 4f35f7cbe854078d1ac9338744f61a02 -> 
  custom:container-demuxer-ogg: 62fdf1f143b41e24485cea50d1cbac27 -> 
  custom:video-encoder-webm-vp8: eb34c28f22e8b96e1ab97ce403110664 -> 
  custom:video-codec-MediaFoundation-h265: 746d11721c4dcdbdad8f713fa42b33f4 -> 
  custom:video-decoder-webm-vp8: 9c59270c3fd7afecdb556c50c9e8de78 -> 
  custom:audio-decoder-ogg-vorbis: bf7c407c2cedff20999df2af8eb42d56 -> 
  custom:audio-encoder-webm-vorbis: bf7c407c2cedff20999df2af8eb42d56 -> 
========================================================================
Received Prepare
Registering precompiled user dll's ...
Registered in 0.002487 seconds.
Begin MonoManager ReloadAssembly
Native extension for WindowsStandalone target not found
Refreshing native plugins compatible for Editor in 0.44 ms, found 2 plugins.
Preloading 0 native plugins for Editor in 0.00 ms.
Mono: successfully reloaded assembly
- Completed reload, in  0.790 seconds
Domain Reload Profiling:
	ReloadAssembly (791ms)
		BeginReloadAssembly (94ms)
			ExecutionOrderSort (0ms)
			DisableScriptedObjects (4ms)
			BackupInstance (0ms)
			ReleaseScriptingObjects (0ms)
			CreateAndSetChildDomain (29ms)
		EndReloadAssembly (639ms)
			LoadAssemblies (80ms)
			RebuildTransferFunctionScriptingTraits (0ms)
			SetupTypeCache (238ms)
			ReleaseScriptCaches (1ms)
			RebuildScriptCaches (30ms)
			SetupLoadedEditorAssemblies (229ms)
				LogAssemblyErrors (0ms)
				InitializePlatformSupportModulesInManaged (4ms)
				SetLoadedEditorAssemblies (0ms)
				RefreshPlugins (0ms)
				BeforeProcessingInitializeOnLoad (66ms)
				ProcessInitializeOnLoadAttributes (148ms)
				ProcessInitializeOnLoadMethodAttributes (7ms)
				AfterProcessingInitializeOnLoad (4ms)
				EditorAssembliesLoaded (0ms)
			ExecutionOrderSort2 (0ms)
			AwakeInstancesAfterBackupRestoration (5ms)
Platform modules already initialized, skipping
Refreshing native plugins compatible for Editor in 0.44 ms, found 2 plugins.
Preloading 0 native plugins for Editor in 0.00 ms.
Unloading 1518 Unused Serialized files (Serialized files now loaded: 0)
System memory in use before: 75.5 MB.
System memory in use after: 75.6 MB.

Unloading 14 unused Assets to reduce memory usage. Loaded Objects now: 1995.
Total: 2.456300 ms (FindLiveObjects: 0.116700 ms CreateObjectMapping: 0.030200 ms MarkObjects: 2.293200 ms  DeleteObjects: 0.015100 ms)

AssetImportParameters requested are different than current active one (requested -> active):
  custom:framework-win-MediaFoundation: 216162199b28c13a410421893ffa2e32 -> 
  custom:video-decoder-ogg-theora: a1e56fd34408186e4bbccfd4996cb3dc -> 
  custom:container-muxer-webm: aa71ff27fc2769a1b78a27578f13a17b -> 
  custom:container-demuxer-webm: 4f35f7cbe854078d1ac9338744f61a02 -> 
  custom:container-demuxer-ogg: 62fdf1f143b41e24485cea50d1cbac27 -> 
  custom:video-encoder-webm-vp8: eb34c28f22e8b96e1ab97ce403110664 -> 
  custom:video-codec-MediaFoundation-h265: 746d11721c4dcdbdad8f713fa42b33f4 -> 
  custom:video-decoder-webm-vp8: 9c59270c3fd7afecdb556c50c9e8de78 -> 
  custom:audio-decoder-ogg-vorbis: bf7c407c2cedff20999df2af8eb42d56 -> 
  custom:audio-encoder-webm-vorbis: bf7c407c2cedff20999df2af8eb42d56 -> 
========================================================================
Received Import Request.
  Time since last request: 1202.052265 seconds.
  path: Assets/Game Assets/Art/Sprites/Environment/Tilesets/Tileset_Alien_Normal.png
  artifactKey: Guid(006db1cacab857d4d94ef991081e7977) Importer(815301076,1909f56bfc062723c751e8b465ee728b)
Start importing Assets/Game Assets/Art/Sprites/Environment/Tilesets/Tileset_Alien_Normal.png using Guid(006db1cacab857d4d94ef991081e7977) Importer(815301076,1909f56bfc062723c751e8b465ee728b)  -> (artifact id: 'bd34cce0335153652be72696832d7046') in 0.062200 seconds 
  Import took 0.065609 seconds .

========================================================================
Received Import Request.
  Time since last request: 14.097730 seconds.
  path: Assets/Game Assets/Art/Sprites/Environment/Tilesets/Tileset_Rock.png
  artifactKey: Guid(6e1db66fc7e57884380659e0a55351f0) Importer(815301076,1909f56bfc062723c751e8b465ee728b)
Start importing Assets/Game Assets/Art/Sprites/Environment/Tilesets/Tileset_Rock.png using Guid(6e1db66fc7e57884380659e0a55351f0) Importer(815301076,1909f56bfc062723c751e8b465ee728b)  -> (artifact id: '68b6e5e4c07e46b4ec2009000f5a792f') in 0.436739 seconds 
  Import took 0.442337 seconds .

========================================================================
Received Import Request.
  Time since last request: 10.960189 seconds.
  path: Assets/Game Assets/Art/Sprites/Environment/ParallaxCaves
  artifactKey: Guid(bf3708b8d8fb4ee4d946b18817b0ca8b) Importer(815301076,1909f56bfc062723c751e8b465ee728b)
Start importing Assets/Game Assets/Art/Sprites/Environment/ParallaxCaves using Guid(bf3708b8d8fb4ee4d946b18817b0ca8b) Importer(815301076,1909f56bfc062723c751e8b465ee728b)  -> (artifact id: '8de11b607e4ed552cf3f4a53ac3902fe') in 0.003367 seconds 
  Import took 0.006946 seconds .

========================================================================
Received Import Request.
  Time since last request: 47.566449 seconds.
  path: Assets/Game Assets/Art/Sprites/Environment/Tilesets/Tileset_Alien.png
  artifactKey: Guid(05f0bf62dcfb65a4ebd0402151fc3c11) Importer(815301076,1909f56bfc062723c751e8b465ee728b)
Start importing Assets/Game Assets/Art/Sprites/Environment/Tilesets/Tileset_Alien.png using Guid(05f0bf62dcfb65a4ebd0402151fc3c11) Importer(815301076,1909f56bfc062723c751e8b465ee728b)  -> (artifact id: 'bac73138c13c561a5cfa81bec7e0e7c2') in 0.302045 seconds 
  Import took 0.307894 seconds .

========================================================================
Received Import Request.
  Time since last request: 4.012755 seconds.
  path: Assets/Game Assets/Art/Sprites/Environment/WallTile.png
  artifactKey: Guid(6aa3a976ac9ecc54aad638ffbf4e67c6) Importer(815301076,1909f56bfc062723c751e8b465ee728b)
Start importing Assets/Game Assets/Art/Sprites/Environment/WallTile.png using Guid(6aa3a976ac9ecc54aad638ffbf4e67c6) Importer(815301076,1909f56bfc062723c751e8b465ee728b)  -> (artifact id: '32b25b34d583a0bb2a8acfe7ce80ea97') in 0.020727 seconds 
  Import took 0.023620 seconds .

========================================================================
Received Import Request.
  Time since last request: 1.184365 seconds.
  path: Assets/Game Assets/Art/Sprites/Environment/WallTile02.png
  artifactKey: Guid(62d2808515efe6d4897f8d8cd5218f31) Importer(815301076,1909f56bfc062723c751e8b465ee728b)
Start importing Assets/Game Assets/Art/Sprites/Environment/WallTile02.png using Guid(62d2808515efe6d4897f8d8cd5218f31) Importer(815301076,1909f56bfc062723c751e8b465ee728b)  -> (artifact id: '26114ae8ee8768171ca17f1bd6c057c2') in 0.014361 seconds 
  Import took 0.017369 seconds .

========================================================================
Received Import Request.
  Time since last request: 5.060956 seconds.
  path: Assets/Game Assets/Art/Sprites/Interactables/Bridge.png
  artifactKey: Guid(71cd3f5a96d836b4faf615050728e35e) Importer(815301076,1909f56bfc062723c751e8b465ee728b)
Start importing Assets/Game Assets/Art/Sprites/Interactables/Bridge.png using Guid(71cd3f5a96d836b4faf615050728e35e) Importer(815301076,1909f56bfc062723c751e8b465ee728b)  -> (artifact id: 'e5797758b2970dbcba14e87e8637a9ac') in 0.013388 seconds 
  Import took 0.015811 seconds .

========================================================================
Received Import Request.
  Time since last request: 0.588215 seconds.
  path: Assets/Game Assets/Art/Sprites/Interactables/DestructibleBox.bmp
  artifactKey: Guid(5c3d28e6e36cb244b874459c91ccef79) Importer(815301076,1909f56bfc062723c751e8b465ee728b)
Start importing Assets/Game Assets/Art/Sprites/Interactables/DestructibleBox.bmp using Guid(5c3d28e6e36cb244b874459c91ccef79) Importer(815301076,1909f56bfc062723c751e8b465ee728b)  -> (artifact id: 'ac52c6d89bb7a165b06384c7aa8bcc6a') in 0.018512 seconds 
  Import took 0.021777 seconds .

========================================================================
Received Import Request.
  Time since last request: 4.022816 seconds.
  path: Assets/Game Assets/Art/Sprites/Interactables/MovingPlatform.png
  artifactKey: Guid(04aaca4e4e330b641a3ca7d7a94a835f) Importer(815301076,1909f56bfc062723c751e8b465ee728b)
Start importing Assets/Game Assets/Art/Sprites/Interactables/MovingPlatform.png using Guid(04aaca4e4e330b641a3ca7d7a94a835f) Importer(815301076,1909f56bfc062723c751e8b465ee728b)  -> (artifact id: 'a911640ff9232a144143fd58fc8bf88b') in 0.025693 seconds 
  Import took 0.028082 seconds .

========================================================================
Received Import Request.
  Time since last request: 3.372908 seconds.
  path: Assets/Game Assets/Art/Sprites/Interactables/MovingPlatformAlien.png
  artifactKey: Guid(2da3192b993471540944ac96226c9333) Importer(815301076,1909f56bfc062723c751e8b465ee728b)
Start importing Assets/Game Assets/Art/Sprites/Interactables/MovingPlatformAlien.png using Guid(2da3192b993471540944ac96226c9333) Importer(815301076,1909f56bfc062723c751e8b465ee728b)  -> (artifact id: 'afa9d33d23ccb9b8f7053f8151c9fc23') in 0.024842 seconds 
  Import took 0.027316 seconds .

========================================================================
Received Import Request.
  Time since last request: 2.187394 seconds.
  path: Assets/Game Assets/Art/Sprites/Interactables/PassThroughPlatform.png
  artifactKey: Guid(389dc290ab41ea34485314d037cc75df) Importer(815301076,1909f56bfc062723c751e8b465ee728b)
Start importing Assets/Game Assets/Art/Sprites/Interactables/PassThroughPlatform.png using Guid(389dc290ab41ea34485314d037cc75df) Importer(815301076,1909f56bfc062723c751e8b465ee728b)  -> (artifact id: '6a9102c8362213521b78a197091cb2dd') in 0.023493 seconds 
  Import took 0.025967 seconds .

========================================================================
Received Prepare
Registering precompiled user dll's ...
Registered in 0.002106 seconds.
Begin MonoManager ReloadAssembly
Native extension for WindowsStandalone target not found
Refreshing native plugins compatible for Editor in 0.44 ms, found 2 plugins.
Preloading 0 native plugins for Editor in 0.00 ms.
Mono: successfully reloaded assembly
- Completed reload, in  0.760 seconds
Domain Reload Profiling:
	ReloadAssembly (761ms)
		BeginReloadAssembly (100ms)
			ExecutionOrderSort (0ms)
			DisableScriptedObjects (3ms)
			BackupInstance (0ms)
			ReleaseScriptingObjects (0ms)
			CreateAndSetChildDomain (29ms)
		EndReloadAssembly (610ms)
			LoadAssemblies (65ms)
			RebuildTransferFunctionScriptingTraits (0ms)
			SetupTypeCache (205ms)
			ReleaseScriptCaches (1ms)
			RebuildScriptCaches (29ms)
			SetupLoadedEditorAssemblies (235ms)
				LogAssemblyErrors (0ms)
				InitializePlatformSupportModulesInManaged (4ms)
				SetLoadedEditorAssemblies (0ms)
				RefreshPlugins (0ms)
				BeforeProcessingInitializeOnLoad (64ms)
				ProcessInitializeOnLoadAttributes (154ms)
				ProcessInitializeOnLoadMethodAttributes (7ms)
				AfterProcessingInitializeOnLoad (4ms)
				EditorAssembliesLoaded (0ms)
			ExecutionOrderSort2 (0ms)
			AwakeInstancesAfterBackupRestoration (6ms)
Platform modules already initialized, skipping
Refreshing native plugins compatible for Editor in 0.44 ms, found 2 plugins.
Preloading 0 native plugins for Editor in 0.00 ms.
Unloading 1518 Unused Serialized files (Serialized files now loaded: 0)
System memory in use before: 75.5 MB.
System memory in use after: 75.7 MB.

Unloading 14 unused Assets to reduce memory usage. Loaded Objects now: 2003.
Total: 2.589500 ms (FindLiveObjects: 0.112200 ms CreateObjectMapping: 0.032200 ms MarkObjects: 2.426600 ms  DeleteObjects: 0.017000 ms)

AssetImportParameters requested are different than current active one (requested -> active):
  custom:framework-win-MediaFoundation: 216162199b28c13a410421893ffa2e32 -> 
  custom:video-decoder-ogg-theora: a1e56fd34408186e4bbccfd4996cb3dc -> 
  custom:container-muxer-webm: aa71ff27fc2769a1b78a27578f13a17b -> 
  custom:container-demuxer-webm: 4f35f7cbe854078d1ac9338744f61a02 -> 
  custom:container-demuxer-ogg: 62fdf1f143b41e24485cea50d1cbac27 -> 
  custom:video-encoder-webm-vp8: eb34c28f22e8b96e1ab97ce403110664 -> 
  custom:video-codec-MediaFoundation-h265: 746d11721c4dcdbdad8f713fa42b33f4 -> 
  custom:video-decoder-webm-vp8: 9c59270c3fd7afecdb556c50c9e8de78 -> 
  custom:audio-decoder-ogg-vorbis: bf7c407c2cedff20999df2af8eb42d56 -> 
  custom:audio-encoder-webm-vorbis: bf7c407c2cedff20999df2af8eb42d56 -> 
========================================================================
Received Import Request.
  Time since last request: 620.082105 seconds.
  path: Assets
  artifactKey: Guid(00000000000000001000000000000000) Importer(815301076,1909f56bfc062723c751e8b465ee728b)
Start importing Assets using Guid(00000000000000001000000000000000) Importer(815301076,1909f56bfc062723c751e8b465ee728b)  -> (artifact id: '42d402b061de3733987d63b9cc3b64de') in 0.005721 seconds 
  Import took 0.010912 seconds .

========================================================================
Received Import Request.
  Time since last request: 11.889737 seconds.
  path: Assets/scripts
  artifactKey: Guid(3b0429fcd3614944fbdcb947d19067ed) Importer(815301076,1909f56bfc062723c751e8b465ee728b)
Start importing Assets/scripts using Guid(3b0429fcd3614944fbdcb947d19067ed) Importer(815301076,1909f56bfc062723c751e8b465ee728b)  -> (artifact id: 'bf133e34d4e3d11a7dd534e9d66ab421') in 0.004178 seconds 
  Import took 0.007564 seconds .

========================================================================
Received Import Request.
  Time since last request: 19.833471 seconds.
  path: Assets/scripts/PlayerController.cs
  artifactKey: Guid(4fc9e822f6f7cfd4782e8e9bad8707fd) Importer(815301076,1909f56bfc062723c751e8b465ee728b)
Start importing Assets/scripts/PlayerController.cs using Guid(4fc9e822f6f7cfd4782e8e9bad8707fd) Importer(815301076,1909f56bfc062723c751e8b465ee728b)  -> (artifact id: 'f1a97578c8cc8c70629cc84f44951598') in 0.006996 seconds 
  Import took 0.011175 seconds .

========================================================================
Received Prepare
Registering precompiled user dll's ...
Registered in 0.002668 seconds.
Begin MonoManager ReloadAssembly
Native extension for WindowsStandalone target not found
Refreshing native plugins compatible for Editor in 0.45 ms, found 2 plugins.
Preloading 0 native plugins for Editor in 0.00 ms.
Mono: successfully reloaded assembly
- Completed reload, in  0.897 seconds
Domain Reload Profiling:
	ReloadAssembly (897ms)
		BeginReloadAssembly (106ms)
			ExecutionOrderSort (0ms)
			DisableScriptedObjects (5ms)
			BackupInstance (0ms)
			ReleaseScriptingObjects (0ms)
			CreateAndSetChildDomain (32ms)
		EndReloadAssembly (740ms)
			LoadAssemblies (75ms)
			RebuildTransferFunctionScriptingTraits (0ms)
			SetupTypeCache (270ms)
			ReleaseScriptCaches (1ms)
			RebuildScriptCaches (30ms)
			SetupLoadedEditorAssemblies (283ms)
				LogAssemblyErrors (0ms)
				InitializePlatformSupportModulesInManaged (4ms)
				SetLoadedEditorAssemblies (0ms)
				RefreshPlugins (0ms)
				BeforeProcessingInitializeOnLoad (63ms)
				ProcessInitializeOnLoadAttributes (199ms)
				ProcessInitializeOnLoadMethodAttributes (10ms)
				AfterProcessingInitializeOnLoad (6ms)
				EditorAssembliesLoaded (0ms)
			ExecutionOrderSort2 (0ms)
			AwakeInstancesAfterBackupRestoration (8ms)
Platform modules already initialized, skipping
Refreshing native plugins compatible for Editor in 0.48 ms, found 2 plugins.
Preloading 0 native plugins for Editor in 0.00 ms.
Unloading 1519 Unused Serialized files (Serialized files now loaded: 0)
System memory in use before: 75.6 MB.
System memory in use after: 75.7 MB.

Unloading 14 unused Assets to reduce memory usage. Loaded Objects now: 2006.
Total: 2.383600 ms (FindLiveObjects: 0.136200 ms CreateObjectMapping: 0.028500 ms MarkObjects: 2.196300 ms  DeleteObjects: 0.021100 ms)

AssetImportParameters requested are different than current active one (requested -> active):
  custom:framework-win-MediaFoundation: 216162199b28c13a410421893ffa2e32 -> 
  custom:video-decoder-ogg-theora: a1e56fd34408186e4bbccfd4996cb3dc -> 
  custom:container-muxer-webm: aa71ff27fc2769a1b78a27578f13a17b -> 
  custom:container-demuxer-webm: 4f35f7cbe854078d1ac9338744f61a02 -> 
  custom:container-demuxer-ogg: 62fdf1f143b41e24485cea50d1cbac27 -> 
  custom:video-encoder-webm-vp8: eb34c28f22e8b96e1ab97ce403110664 -> 
  custom:video-codec-MediaFoundation-h265: 746d11721c4dcdbdad8f713fa42b33f4 -> 
  custom:video-decoder-webm-vp8: 9c59270c3fd7afecdb556c50c9e8de78 -> 
  custom:audio-decoder-ogg-vorbis: bf7c407c2cedff20999df2af8eb42d56 -> 
  custom:audio-encoder-webm-vorbis: bf7c407c2cedff20999df2af8eb42d56 -> 
AssetImportWorkerClient::OnTransportError - code=2 error=End of file
