Using pre-set license
Built from '2020.3/staging' branch; Version is '2020.3.21f1 (a38c86f6690f) revision 10718342'; Using compiler version '192528614'; Build Type 'Release'
OS: 'Windows 10 Home Single Language; OS build 19042.1288; Version 2009; 64bit' Language: 'en' Physical Memory: 7991 MB
BatchMode: 1, IsHumanControllingUs: 0, StartBugReporterOnCrash: 0, Is64bit: 1, IsPro: 0

COMMAND LINE ARGUMENTS:
C:\Program Files\Unity\Hub\Editor\2020.3.21f1\Editor\Unity.exe
-adb2
-batchMode
-noUpm
-name
AssetImportWorker0
-projectPath
D:/Unity Projects/2d-game/2d game
-logFile
Logs/AssetImportWorker0.log
-srvPort
51504
Successfully changed project path to: D:/Unity Projects/2d-game/2d game
D:/Unity Projects/2d-game/2d game
Using Asset Import Pipeline V2.
Refreshing native plugins compatible for Editor in 204.66 ms, found 2 plugins.
Preloading 0 native plugins for Editor in 0.00 ms.
Initialize engine version: 2020.3.21f1 (a38c86f6690f)
[Subsystems] Discovering subsystems at path C:/Program Files/Unity/Hub/Editor/2020.3.21f1/Editor/Data/Resources/UnitySubsystems
[Subsystems] Discovering subsystems at path D:/Unity Projects/2d-game/2d game/Assets
GfxDevice: creating device client; threaded=0
Direct3D:
    Version:  Direct3D 11.0 [level 11.1]
    Renderer: Intel(R) UHD Graphics (ID=0x9a78)
    Vendor:   
    VRAM:     3995 MB
    Driver:   27.20.100.8853
Initialize mono
Mono path[0] = 'C:/Program Files/Unity/Hub/Editor/2020.3.21f1/Editor/Data/Managed'
Mono path[1] = 'C:/Program Files/Unity/Hub/Editor/2020.3.21f1/Editor/Data/MonoBleedingEdge/lib/mono/unityjit'
Mono config path = 'C:/Program Files/Unity/Hub/Editor/2020.3.21f1/Editor/Data/MonoBleedingEdge/etc'
Using monoOptions --debugger-agent=transport=dt_socket,embedding=1,server=y,suspend=n,address=127.0.0.1:56320
Begin MonoManager ReloadAssembly
Registering precompiled unity dll's ...
Register platform support module: C:/Program Files/Unity/Hub/Editor/2020.3.21f1/Editor/Data/PlaybackEngines/WindowsStandaloneSupport/UnityEditor.WindowsStandalone.Extensions.dll
Registered in 0.008495 seconds.
Native extension for WindowsStandalone target not found
Refreshing native plugins compatible for Editor in 191.43 ms, found 2 plugins.
Preloading 0 native plugins for Editor in 0.00 ms.
Mono: successfully reloaded assembly
- Completed reload, in  5.549 seconds
Domain Reload Profiling:
	ReloadAssembly (5549ms)
		BeginReloadAssembly (200ms)
			ExecutionOrderSort (0ms)
			DisableScriptedObjects (0ms)
			BackupInstance (0ms)
			ReleaseScriptingObjects (0ms)
			CreateAndSetChildDomain (2ms)
		EndReloadAssembly (1529ms)
			LoadAssemblies (194ms)
			RebuildTransferFunctionScriptingTraits (0ms)
			SetupTypeCache (518ms)
			ReleaseScriptCaches (0ms)
			RebuildScriptCaches (90ms)
			SetupLoadedEditorAssemblies (612ms)
				LogAssemblyErrors (0ms)
				InitializePlatformSupportModulesInManaged (13ms)
				SetLoadedEditorAssemblies (1ms)
				RefreshPlugins (192ms)
				BeforeProcessingInitializeOnLoad (40ms)
				ProcessInitializeOnLoadAttributes (275ms)
				ProcessInitializeOnLoadMethodAttributes (89ms)
				AfterProcessingInitializeOnLoad (0ms)
				EditorAssembliesLoaded (1ms)
			ExecutionOrderSort2 (0ms)
			AwakeInstancesAfterBackupRestoration (0ms)
Platform modules already initialized, skipping
Registering precompiled user dll's ...
Registered in 0.020797 seconds.
Begin MonoManager ReloadAssembly
Native extension for WindowsStandalone target not found
Refreshing native plugins compatible for Editor in 1.24 ms, found 2 plugins.
Preloading 0 native plugins for Editor in 0.00 ms.
Mono: successfully reloaded assembly
- Completed reload, in  3.232 seconds
Domain Reload Profiling:
	ReloadAssembly (3234ms)
		BeginReloadAssembly (472ms)
			ExecutionOrderSort (0ms)
			DisableScriptedObjects (16ms)
			BackupInstance (0ms)
			ReleaseScriptingObjects (0ms)
			CreateAndSetChildDomain (55ms)
		EndReloadAssembly (2580ms)
			LoadAssemblies (306ms)
			RebuildTransferFunctionScriptingTraits (0ms)
			SetupTypeCache (942ms)
			ReleaseScriptCaches (1ms)
			RebuildScriptCaches (137ms)
			SetupLoadedEditorAssemblies (939ms)
				LogAssemblyErrors (0ms)
				InitializePlatformSupportModulesInManaged (16ms)
				SetLoadedEditorAssemblies (1ms)
				RefreshPlugins (1ms)
				BeforeProcessingInitializeOnLoad (257ms)
				ProcessInitializeOnLoadAttributes (613ms)
				ProcessInitializeOnLoadMethodAttributes (31ms)
				AfterProcessingInitializeOnLoad (17ms)
				EditorAssembliesLoaded (1ms)
			ExecutionOrderSort2 (0ms)
			AwakeInstancesAfterBackupRestoration (21ms)
Platform modules already initialized, skipping
========================================================================
Worker process is ready to serve import requests
Launched and connected shader compiler UnityShaderCompiler.exe after 0.13 seconds
Refreshing native plugins compatible for Editor in 1.19 ms, found 2 plugins.
Preloading 0 native plugins for Editor in 0.00 ms.
Unloading 1543 Unused Serialized files (Serialized files now loaded: 0)
System memory in use before: 74.2 MB.
System memory in use after: 74.3 MB.

Unloading 19 unused Assets to reduce memory usage. Loaded Objects now: 1976.
Total: 8.487500 ms (FindLiveObjects: 0.243800 ms CreateObjectMapping: 0.136200 ms MarkObjects: 7.917200 ms  DeleteObjects: 0.187900 ms)

AssetImportParameters requested are different than current active one (requested -> active):
  custom:framework-win-MediaFoundation: 216162199b28c13a410421893ffa2e32 -> 
  custom:video-decoder-ogg-theora: a1e56fd34408186e4bbccfd4996cb3dc -> 
  custom:container-muxer-webm: aa71ff27fc2769a1b78a27578f13a17b -> 
  custom:container-demuxer-webm: 4f35f7cbe854078d1ac9338744f61a02 -> 
  custom:container-demuxer-ogg: 62fdf1f143b41e24485cea50d1cbac27 -> 
  custom:video-encoder-webm-vp8: eb34c28f22e8b96e1ab97ce403110664 -> 
  custom:video-codec-MediaFoundation-h265: 746d11721c4dcdbdad8f713fa42b33f4 -> 
  custom:video-decoder-webm-vp8: 9c59270c3fd7afecdb556c50c9e8de78 -> 
  custom:audio-decoder-ogg-vorbis: bf7c407c2cedff20999df2af8eb42d56 -> 
  custom:audio-encoder-webm-vorbis: bf7c407c2cedff20999df2af8eb42d56 -> 
========================================================================
Received Import Request.
  path: Assets/Anim_IDLE_00001.prefab
  artifactKey: Guid(72fc9cab196c82e4b9c389c802be1b47) Importer(815301076,1909f56bfc062723c751e8b465ee728b)
Start importing Assets/Anim_IDLE_00001.prefab using Guid(72fc9cab196c82e4b9c389c802be1b47) Importer(815301076,1909f56bfc062723c751e8b465ee728b)  -> (artifact id: '6d78a93301702d23b47cf6571800a7e2') in 0.252276 seconds 
  Import took 0.258830 seconds .

========================================================================
Received Import Request.
  Time since last request: 11.190989 seconds.
  path: Assets/Anim_IDLE_00001 1.controller
  artifactKey: Guid(607fabc9a2e19a94f9181de21bd07ab4) Importer(815301076,1909f56bfc062723c751e8b465ee728b)
Start importing Assets/Anim_IDLE_00001 1.controller using Guid(607fabc9a2e19a94f9181de21bd07ab4) Importer(815301076,1909f56bfc062723c751e8b465ee728b)  -> (artifact id: 'b3a4510618396c4b17513c5334d85566') in 0.012170 seconds 
  Import took 0.019388 seconds .

========================================================================
Received Import Request.
  Time since last request: 4.756317 seconds.
  path: Assets/Anim_IDLE_00001.controller
  artifactKey: Guid(6b4dfa1db9dc65741b32eec8ad89af4e) Importer(815301076,1909f56bfc062723c751e8b465ee728b)
Start importing Assets/Anim_IDLE_00001.controller using Guid(6b4dfa1db9dc65741b32eec8ad89af4e) Importer(815301076,1909f56bfc062723c751e8b465ee728b)  -> (artifact id: 'b1562201dd115bacc77b8bc64b913a52') in 0.008287 seconds 
  Import took 0.013794 seconds .

========================================================================
Received Import Request.
  Time since last request: 3.058624 seconds.
  path: Assets/idle.anim
  artifactKey: Guid(94b8ab85183490d42bc5ccb95f9b49dd) Importer(815301076,1909f56bfc062723c751e8b465ee728b)
Start importing Assets/idle.anim using Guid(94b8ab85183490d42bc5ccb95f9b49dd) Importer(815301076,1909f56bfc062723c751e8b465ee728b)  -> (artifact id: '9353becd0a73ab647e63ad8a2c8380a6') in 0.010759 seconds 
  Import took 0.017965 seconds .

========================================================================
Received Import Request.
  Time since last request: 107.551696 seconds.
  path: Assets/Game Assets/Art/Sprites/AnimatedSprites/Ellen/Animations/Idle
  artifactKey: Guid(d5242e5735b9b2e4e8d083ec3ec57f20) Importer(815301076,1909f56bfc062723c751e8b465ee728b)
Start importing Assets/Game Assets/Art/Sprites/AnimatedSprites/Ellen/Animations/Idle using Guid(d5242e5735b9b2e4e8d083ec3ec57f20) Importer(815301076,1909f56bfc062723c751e8b465ee728b)  -> (artifact id: '41fc45d17c6acb01d8025f54ae069344') in 0.006087 seconds 
  Import took 0.017203 seconds .

========================================================================
Received Import Request.
  Time since last request: 3.229012 seconds.
  path: Assets/Game Assets/Art/Sprites/AnimatedSprites/Ellen/Animations/Idle/Anim_IDLE_00001.png
  artifactKey: Guid(c4d7d6470acd7bf45971042161c6e018) Importer(815301076,1909f56bfc062723c751e8b465ee728b)
Start importing Assets/Game Assets/Art/Sprites/AnimatedSprites/Ellen/Animations/Idle/Anim_IDLE_00001.png using Guid(c4d7d6470acd7bf45971042161c6e018) Importer(815301076,1909f56bfc062723c751e8b465ee728b)  -> (artifact id: '3901af31e3458546c59245c92a0bb71a') in 0.078464 seconds 
  Import took 0.085065 seconds .

========================================================================
Received Import Request.
  Time since last request: 3.443567 seconds.
  path: Assets/Game Assets/Art/Sprites/AnimatedSprites/Ellen/Animations/Idle/Anim_IDLE_00025.png
  artifactKey: Guid(d2d936bae69c599429ee1a386892a9f0) Importer(815301076,1909f56bfc062723c751e8b465ee728b)
Start importing Assets/Game Assets/Art/Sprites/AnimatedSprites/Ellen/Animations/Idle/Anim_IDLE_00025.png using Guid(d2d936bae69c599429ee1a386892a9f0) Importer(815301076,1909f56bfc062723c751e8b465ee728b)  -> (artifact id: 'd2318071fe6ca66f36e7e9ad1bb09c3e') in 0.028024 seconds 
  Import took 0.033907 seconds .

========================================================================
Received Import Request.
  Time since last request: 25.542162 seconds.
  path: Assets/walk.anim
  artifactKey: Guid(02c8f71560e50ec44a0fb92621b648b6) Importer(815301076,1909f56bfc062723c751e8b465ee728b)
Start importing Assets/walk.anim using Guid(02c8f71560e50ec44a0fb92621b648b6) Importer(815301076,1909f56bfc062723c751e8b465ee728b)  -> (artifact id: '8396c7edc9021e0e542e40fceebdf3a2') in 0.008590 seconds 
  Import took 0.104248 seconds .

========================================================================
Received Import Request.
  Time since last request: 3.104336 seconds.
  path: Assets/run.anim
  artifactKey: Guid(2ea35d0a509a13943be6dd8e55cad5c3) Importer(815301076,1909f56bfc062723c751e8b465ee728b)
Start importing Assets/run.anim using Guid(2ea35d0a509a13943be6dd8e55cad5c3) Importer(815301076,1909f56bfc062723c751e8b465ee728b)  -> (artifact id: '8ee089156afd14d1aa9b5426ddb3e958') in 0.004838 seconds 
  Import took 0.011910 seconds .

========================================================================
Received Import Request.
  Time since last request: 5.044286 seconds.
  path: Assets/idle1.anim
  artifactKey: Guid(e31ed0631428ac54bbe9d1d0dea95856) Importer(815301076,1909f56bfc062723c751e8b465ee728b)
Start importing Assets/idle1.anim using Guid(e31ed0631428ac54bbe9d1d0dea95856) Importer(815301076,1909f56bfc062723c751e8b465ee728b)  -> (artifact id: '6d8b01225141138a35f46e06387e9d3a') in 0.005610 seconds 
  Import took 0.010821 seconds .

========================================================================
Received Import Request.
  Time since last request: 18.960726 seconds.
  path: Assets/idle.anim
  artifactKey: Guid(94b8ab85183490d42bc5ccb95f9b49dd) Importer(815301076,1909f56bfc062723c751e8b465ee728b)
Start importing Assets/idle.anim using Guid(94b8ab85183490d42bc5ccb95f9b49dd) Importer(815301076,1909f56bfc062723c751e8b465ee728b)  -> (artifact id: '8bcd5e485ade60bee63c2623b455a351') in 0.007373 seconds 
  Import took 0.013227 seconds .

========================================================================
Received Import Request.
  Time since last request: 159.199615 seconds.
  path: Assets/Game Assets/Art/Sprites/AnimatedSprites/Ellen/Animations/Run/ELLEN_RUN_NoGun_01.png
  artifactKey: Guid(ff33d6adfeac52e419af23fad2d0abfd) Importer(815301076,1909f56bfc062723c751e8b465ee728b)
Start importing Assets/Game Assets/Art/Sprites/AnimatedSprites/Ellen/Animations/Run/ELLEN_RUN_NoGun_01.png using Guid(ff33d6adfeac52e419af23fad2d0abfd) Importer(815301076,1909f56bfc062723c751e8b465ee728b)  -> (artifact id: 'f4bd53d098101de9299d0fa14bb17df0') in 0.025610 seconds 
  Import took 0.031736 seconds .

========================================================================
Received Import Request.
  Time since last request: 2.319488 seconds.
  path: Assets/Game Assets/Art/Sprites/AnimatedSprites/Ellen/Animations/Run/ELLEN_RUN_NoGun_19.png
  artifactKey: Guid(3b3834ff0aab3d849bca2adc0c0d5f84) Importer(815301076,1909f56bfc062723c751e8b465ee728b)
Start importing Assets/Game Assets/Art/Sprites/AnimatedSprites/Ellen/Animations/Run/ELLEN_RUN_NoGun_19.png using Guid(3b3834ff0aab3d849bca2adc0c0d5f84) Importer(815301076,1909f56bfc062723c751e8b465ee728b)  -> (artifact id: '9de3c9d909ec9cc26b4c4d8e64578143') in 0.027536 seconds 
  Import took 0.032476 seconds .

========================================================================
Received Import Request.
  Time since last request: 148.376549 seconds.
  path: Assets/Game Assets/Art/Sprites/AnimatedSprites/Ellen/Animations/Walk/Ellen_WALK_001.png
  artifactKey: Guid(b38d007a84ef48c45b4026b9be16e76b) Importer(815301076,1909f56bfc062723c751e8b465ee728b)
Start importing Assets/Game Assets/Art/Sprites/AnimatedSprites/Ellen/Animations/Walk/Ellen_WALK_001.png using Guid(b38d007a84ef48c45b4026b9be16e76b) Importer(815301076,1909f56bfc062723c751e8b465ee728b)  -> (artifact id: 'f5acd6b7b38f2ae5977e046b0ba1aa60') in 0.034563 seconds 
  Import took 0.043565 seconds .

========================================================================
Received Import Request.
  Time since last request: 2.817529 seconds.
  path: Assets/Game Assets/Art/Sprites/AnimatedSprites/Ellen/Animations/Walk/Ellen_WALK_021.png
  artifactKey: Guid(bb0dc30aba14f084b9f20cd11d7f59d8) Importer(815301076,1909f56bfc062723c751e8b465ee728b)
Start importing Assets/Game Assets/Art/Sprites/AnimatedSprites/Ellen/Animations/Walk/Ellen_WALK_021.png using Guid(bb0dc30aba14f084b9f20cd11d7f59d8) Importer(815301076,1909f56bfc062723c751e8b465ee728b)  -> (artifact id: 'd00e71a73a1b1fc5d51b26a77b6067e1') in 0.033767 seconds 
  Import took 0.041138 seconds .

